Arguments: 
  C:\Program Files\nodejs\node.exe C:\Users\alireza\AppData\Roaming\npm\node_modules\yarn\bin\yarn.js init

PATH: 
  C:\Program Files\Microsoft\jdk-11.0.16.101-hotspot\bin;C:\Program Files\Common Files\Oracle\Java\javapath;C:\Program Files (x86)\Common Files\Oracle\Java\javapath;C:\Windows\system32;C:\Windows;C:\Windows\System32\Wbem;C:\Windows\System32\WindowsPowerShell\v1.0\;C:\Windows\System32\OpenSSH\;C:\Program Files\Microsoft VS Code\bin;C:\Program Files (x86)\NVIDIA Corporation\PhysX\Common;C:\Program Files\NVIDIA Corporation\NVIDIA NvDLISR;C:\Program Files\Git\cmd;C:\Users\alireza\AppData\Local\Programs\Python\Python310\;C:\Users\alireza\AppData\Local\Programs\Python\Python310\Scripts;C:\wamp64\bin\php\php8.1.0;C:\composer;C:\Program Files\Common Files\Autodesk Shared\;C:\Program Files (x86)\Autodesk\Backburner\;C:\Program Files\Docker\Docker\resources\bin;C:\Users\alireza\AppData\Local\Android\Sdk\platform-tools;C:\Program Files\Microsoft SQL Server\150\Tools\Binn\;C:\Users\alireza\AppData\Roaming\nvm;C:\Program Files\nodejs;C:\Users\alireza\AppData\Local\Microsoft\WindowsApps;C:\Users\alireza\AppData\Roaming\Composer\vendor\bin;C:\Users\alireza\AppData\Roaming\npm;C:\Users\alireza\AppData\Roaming\nvm;C:\Program Files\nodejs

Yarn version: 
  1.22.19

Node version: 
  18.18.2

Platform: 
  win32 x64

Trace: 
  SyntaxError: C:\Templates\template-backend-postgres\package.json: Unexpected token } in JSON at position 975
      at JSON.parse (<anonymous>)
      at C:\Users\alireza\AppData\Roaming\npm\node_modules\yarn\lib\cli.js:1629:59
      at Generator.next (<anonymous>)
      at step (C:\Users\alireza\AppData\Roaming\npm\node_modules\yarn\lib\cli.js:310:30)
      at C:\Users\alireza\AppData\Roaming\npm\node_modules\yarn\lib\cli.js:321:13

npm manifest: 
  {
    "name": "template-back-end-postgres",
    "version": "1.0.0",
    "description": "",
    "main": "index.js",
    "scripts": {
      "test": "echo \"Error: no test specified\" && exit 1",
      "start": "nodemon ./app.ts",
      "seed": "ts-node prisma/seed.ts"
    },
    "author": "",
    "license": "ISC",
    "dependencies": {
      "bcrypt": "^5.1.0",
      "cors": "^2.8.5",
      "dotenv": "^16.0.3",
      "express": "^4.18.2",
      "express-fileupload": "^1.4.0",
      "express-validator": "^6.14.2",
      "fs": "^0.0.1-security",
      "jsonwebtoken": "^8.5.1",
      "nodemailer": "^6.9.1",
      "nodemon": "^2.0.20",
      "prisma": "^4.6.1",
      "ts-node": "^10.9.1",
      "typescript": "^4.8.4"
    },
    "devDependencies": {
      "@types/bcrypt": "^5.0.0",
      "@prisma/client": "^4.6.1",
      "@types/dotenv": "^8.2.0",
      "@types/express": "^4.17.14",
      "@types/express-fileupload": "^1.4.1",
      "@types/jsonwebtoken": "^8.5.9",
      "@types/node": "^18.11.9",
      "@types/nodemailer": "^6.4.7",
    }
  }

yarn manifest: 
  No manifest

Lockfile: 
  No lockfile
